<?xml version="1.0" encoding="UTF-8"?>
<!-- Generated by org.testng.reporters.JUnitReportReporter -->
<testsuite skipped="0" hostname="Buneets-MacBook-Pro.local" name="com.datadriventests.TC002_AddPayeeTest_data" tests="2" failures="0" timestamp="06 Dec 2019 23:39:44 GMT" time="8.346" errors="0">
  <testcase name="verifyAddNewPayee" time="3.628" classname="com.datadriventests.TC002_AddPayeeTest_data"/>
  <testcase name="verifyAddNewPayee" time="4.718" classname="com.datadriventests.TC002_AddPayeeTest_data"/>
</testsuite> <!-- com.datadriventests.TC002_AddPayeeTest_data -->
