<?xml version="1.0" encoding="UTF-8"?>
<!-- Generated by org.testng.reporters.JUnitReportReporter -->
<testsuite skipped="0" hostname="Buneets-MacBook-Pro.local" name="com.testcases.TC005_VerifyPurchaseForeignCurrency" tests="1" failures="0" timestamp="07 Dec 2019 01:29:07 GMT" time="4.259" errors="0">
  <testcase name="verifyPurchaseForeignCurrency" time="4.259" classname="com.testcases.TC005_VerifyPurchaseForeignCurrency"/>
</testsuite> <!-- com.testcases.TC005_VerifyPurchaseForeignCurrency -->
