<?xml version="1.0" encoding="UTF-8"?>
<!-- Generated by org.testng.reporters.JUnitReportReporter -->
<testsuite skipped="0" hostname="Buneets-MacBook-Pro.local" name="com.testcases.TC003_VerifyAddNewPayee" tests="1" failures="0" timestamp="07 Dec 2019 00:32:24 GMT" time="5.070" errors="0">
  <testcase name="verifyAddNewPayee" time="5.070" classname="com.testcases.TC003_VerifyAddNewPayee"/>
</testsuite> <!-- com.testcases.TC003_VerifyAddNewPayee -->
