<?xml version="1.0" encoding="UTF-8"?>
<!-- Generated by org.testng.reporters.JUnitReportReporter -->
<testsuite skipped="0" hostname="Buneets-MacBook-Pro.local" name="com.testcases.TC001_VerifyHomePage" tests="1" failures="0" timestamp="07 Dec 2019 01:29:07 GMT" time="2.617" errors="0">
  <testcase name="verifyHome" time="2.617" classname="com.testcases.TC001_VerifyHomePage"/>
</testsuite> <!-- com.testcases.TC001_VerifyHomePage -->
