<?xml version="1.0" encoding="UTF-8"?>
<!-- Generated by org.testng.reporters.JUnitReportReporter -->
<testsuite skipped="0" hostname="Buneets-MacBook-Pro.local" name="com.testcases.TC004_VerifyTransferFunds" tests="1" failures="0" timestamp="07 Dec 2019 00:32:24 GMT" time="4.958" errors="0">
  <testcase name="verifyTransferFunds" time="4.958" classname="com.testcases.TC004_VerifyTransferFunds"/>
</testsuite> <!-- com.testcases.TC004_VerifyTransferFunds -->
