<?xml version="1.0" encoding="UTF-8"?>
<!-- Generated by org.testng.reporters.JUnitReportReporter -->
<testsuite skipped="0" hostname="Buneets-MacBook-Pro.local" name="com.testcases.TC005_VerifyPurchaseForeignCurrency" tests="1" failures="0" timestamp="06 Dec 2019 23:42:56 GMT" time="4.028" errors="0">
  <testcase name="verifyPurchaseForeignCurrency" time="4.028" classname="com.testcases.TC005_VerifyPurchaseForeignCurrency"/>
</testsuite> <!-- com.testcases.TC005_VerifyPurchaseForeignCurrency -->
