<?xml version="1.0" encoding="UTF-8"?>
<!-- Generated by org.testng.reporters.JUnitReportReporter -->
<testsuite skipped="0" hostname="Buneets-MacBook-Pro.local" name="com.testcases.TC004_VerifyTransferFunds" tests="1" failures="0" timestamp="07 Dec 2019 01:29:07 GMT" time="5.073" errors="0">
  <testcase name="verifyTransferFunds" time="5.073" classname="com.testcases.TC004_VerifyTransferFunds"/>
</testsuite> <!-- com.testcases.TC004_VerifyTransferFunds -->
