<?xml version="1.0" encoding="UTF-8"?>
<!-- Generated by org.testng.reporters.JUnitReportReporter -->
<testsuite skipped="0" hostname="Buneets-MacBook-Pro.local" name="com.testcases.TC002_VerifyLogin" tests="1" failures="0" timestamp="07 Dec 2019 01:29:07 GMT" time="3.042" errors="0">
  <testcase name="verifyLogin" time="3.042" classname="com.testcases.TC002_VerifyLogin"/>
</testsuite> <!-- com.testcases.TC002_VerifyLogin -->
