<?xml version="1.0" encoding="UTF-8"?>
<!-- Generated by org.testng.reporters.JUnitReportReporter -->
<testsuite skipped="0" hostname="Buneets-MacBook-Pro.local" name="com.testcases.TC001_VerifyHomePage" tests="1" failures="0" timestamp="06 Dec 2019 23:42:56 GMT" time="1.897" errors="0">
  <testcase name="verifyHome" time="1.897" classname="com.testcases.TC001_VerifyHomePage"/>
</testsuite> <!-- com.testcases.TC001_VerifyHomePage -->
