<?xml version="1.0" encoding="UTF-8"?>
<!-- Generated by org.testng.reporters.JUnitReportReporter -->
<testsuite skipped="0" hostname="Buneets-MacBook-Pro.local" name="com.testcases.TC002_VerifyLogin" tests="1" failures="0" timestamp="06 Dec 2019 03:06:52 GMT" time="2.380" errors="0">
  <testcase name="verifyLogin" time="2.380" classname="com.testcases.TC002_VerifyLogin"/>
</testsuite> <!-- com.testcases.TC002_VerifyLogin -->
