<?xml version="1.0" encoding="UTF-8"?>
<!-- Generated by org.testng.reporters.JUnitReportReporter -->
<testsuite skipped="0" hostname="Buneets-MacBook-Pro.local" name="com.testcases.TC001_VerifyHomePage" tests="1" failures="0" timestamp="06 Dec 2019 03:06:52 GMT" time="1.959" errors="0">
  <testcase name="verifyHome" time="1.959" classname="com.testcases.TC001_VerifyHomePage"/>
</testsuite> <!-- com.testcases.TC001_VerifyHomePage -->
