<?xml version="1.0" encoding="UTF-8"?>
<!-- Generated by org.testng.reporters.JUnitReportReporter -->
<testsuite skipped="0" hostname="Buneets-MacBook-Pro.local" name="com.testcases.TC005_VerifyPurchaseForeignCurrency" tests="1" failures="0" timestamp="07 Dec 2019 03:11:01 GMT" time="5.793" errors="0">
  <testcase name="verifyPurchaseForeignCurrency" time="5.793" classname="com.testcases.TC005_VerifyPurchaseForeignCurrency"/>
</testsuite> <!-- com.testcases.TC005_VerifyPurchaseForeignCurrency -->
