<?xml version="1.0" encoding="UTF-8"?>
<!-- Generated by org.testng.reporters.JUnitReportReporter -->
<testsuite skipped="0" hostname="Buneets-MacBook-Pro.local" name="com.datadriventests.TC002_AddPayeeTest_data" tests="2" failures="0" timestamp="07 Dec 2019 03:16:32 GMT" time="8.156" errors="0">
  <testcase name="verifyAddNewPayee" time="4.209" classname="com.datadriventests.TC002_AddPayeeTest_data"/>
  <testcase name="verifyAddNewPayee" time="3.947" classname="com.datadriventests.TC002_AddPayeeTest_data"/>
</testsuite> <!-- com.datadriventests.TC002_AddPayeeTest_data -->
